<?xml version="1.0" encoding="UTF-8"?>
<testsuite name="ohtuesimerkki.StatisticsTest" tests="4" skipped="0" failures="0" errors="0" timestamp="2017-03-21T19:53:33" hostname="fuxi16" time="0.007">
  <properties/>
  <testcase name="TeamTest" classname="ohtuesimerkki.StatisticsTest" time="0.004"/>
  <testcase name="searchOkTest" classname="ohtuesimerkki.StatisticsTest" time="0.001"/>
  <testcase name="topScorersTest" classname="ohtuesimerkki.StatisticsTest" time="0.0"/>
  <testcase name="searchMissTest" classname="ohtuesimerkki.StatisticsTest" time="0.0"/>
  <system-out><![CDATA[]]></system-out>
  <system-err><![CDATA[]]></system-err>
</testsuite>
